<?xml version="1.0" encoding="UTF-8"?>
<!-- Generated by org.testng.reporters.JUnitXMLReporter -->
<testsuite ignored="0" hostname="LAPTOP-G55EPSIO" failures="0" tests="5" name="Default test" time="114.638" errors="0" timestamp="2023-08-27T21:24:23 IST">
  <testcase classname="testcase.TC01" name="verifyGetWindowHandle" time="11.735"/>
  <testcase classname="testcase.TC01" name="verifyLoginWithcrednt" time="4.29"/>
  <testcase classname="testcase.TC01" name="verifyMouseHover" time="0.295"/>
  <testcase classname="testcase.TC01" name="verifyScrollDown" time="0.476"/>
  <testcase classname="testcase.TC01" name="verifySearchBar" time="6.054"/>
</testsuite> <!-- Default test -->
